Arguments: 
  /usr/local/bin/node /opt/yarn-v1.22.19/bin/yarn.js add webpack webpack-cli webpack-dev-server ts-loader html-webpack-plugin --dev

PATH: 
  /vscode/vscode-server/bin/linux-x64/384ff7382de624fb94dbaf6da11977bba1ecd427/bin/remote-cli:/usr/local/share/nvm/current/bin:/usr/local/share/npm-global/bin:/usr/local/share/nvm/current/bin:/usr/local/share/npm-global/bin:/usr/local/sbin:/usr/local/bin:/usr/sbin:/usr/bin:/sbin:/bin:/home/node/.local/bin

Yarn version: 
  1.22.19

Node version: 
  18.20.4

Platform: 
  linux x64

Trace: 
  Error: https://registry.yarnpkg.com/@xtuc/ieee754/-/ieee754-1.2.0.tgz: Request failed "500 Internal Server Error"
      at ResponseError.ExtendableBuiltin (/opt/yarn-v1.22.19/lib/cli.js:696:66)
      at new ResponseError (/opt/yarn-v1.22.19/lib/cli.js:802:124)
      at Request.<anonymous> (/opt/yarn-v1.22.19/lib/cli.js:66215:16)
      at Request.emit (node:events:517:28)
      at module.exports.Request.onRequestResponse (/opt/yarn-v1.22.19/lib/cli.js:141767:10)
      at ClientRequest.emit (node:events:517:28)
      at HTTPParser.parserOnIncomingClient (node:_http_client:700:27)
      at HTTPParser.parserOnHeadersComplete (node:_http_common:119:17)
      at TLSSocket.socketOnData (node:_http_client:541:22)
      at TLSSocket.emit (node:events:517:28)

npm manifest: 
  {
    "name": "depsysweb",
    "version": "1.0.0",
    "description": "Deprecated Systems Web Client",
    "main": "index.js",
    "private": "true",
    "repository": "https://github.com/depsysinc/depsysweb.git",
    "author": "Michael Gentili <gentili@mcpnet.ca>",
    "license": "MIT"
  }

yarn manifest: 
  No manifest

Lockfile: 
  # THIS IS AN AUTOGENERATED FILE. DO NOT EDIT THIS FILE DIRECTLY.
  # yarn lockfile v1
